<?xml version="1.0" encoding="UTF-8"?>
<testng-results ignored="0" total="1" passed="1" failed="0" skipped="0">
  <reporter-output>
  </reporter-output>
  <suite started-at="2024-03-28T12:42:52 IST" name="Default suite" finished-at="2024-03-28T12:43:11 IST" duration-ms="18229">
    <groups>
    </groups>
    <test started-at="2024-03-28T12:42:52 IST" name="Default test" finished-at="2024-03-28T12:43:11 IST" duration-ms="18229">
      <class name="com.PracticeSelenium.UdayTaskFrame">
        <test-method signature="main2()[pri:0, instance:com.PracticeSelenium.UdayTaskFrame@30c15d8b]" started-at="2024-03-28T12:42:53 IST" name="main2" finished-at="2024-03-28T12:43:11 IST" duration-ms="18187" status="PASS">
          <reporter-output>
          </reporter-output>
        </test-method> <!-- main2 -->
      </class> <!-- com.PracticeSelenium.UdayTaskFrame -->
    </test> <!-- Default test -->
  </suite> <!-- Default suite -->
</testng-results>
